<?xml version="1.0" encoding="UTF-8"?>
<!-- Generated by org.testng.reporters.JUnitReportReporter -->
<testsuite skipped="2" hostname="DESKTOP-CMBRRMI" name="FunctionalTestCase.TrackerTestCase" tests="4" failures="0" timestamp="24 Feb 2019 09:03:42 GMT" time="55.394" errors="0">
  <testcase name="performTracker" time="0.000" classname="FunctionalTestCase.TrackerTestCase">
    <skipped/>
  </testcase> <!-- performTracker -->
  <testcase name="performTracker" time="27.390" classname="FunctionalTestCase.TrackerTestCase"/>
  <testcase name="performTracker" time="28.004" classname="FunctionalTestCase.TrackerTestCase"/>
  <testcase name="performTracker" time="0.000" classname="FunctionalTestCase.TrackerTestCase">
    <skipped/>
  </testcase> <!-- performTracker -->
</testsuite> <!-- FunctionalTestCase.TrackerTestCase -->
