<?xml version="1.0" encoding="UTF-8"?>
<!-- Generated by org.testng.reporters.JUnitReportReporter -->
<testsuite skipped="2" hostname="DESKTOP-CMBRRMI" name="FunctionalTestCase.KPITestCase" tests="4" failures="0" timestamp="24 Feb 2019 09:03:42 GMT" time="61.741" errors="0">
  <testcase name="performKPI" time="31.219" classname="FunctionalTestCase.KPITestCase"/>
  <testcase name="performKPI" time="30.518" classname="FunctionalTestCase.KPITestCase"/>
  <testcase name="performKPI" time="0.004" classname="FunctionalTestCase.KPITestCase">
    <skipped/>
  </testcase> <!-- performKPI -->
  <testcase name="performKPI" time="0.000" classname="FunctionalTestCase.KPITestCase">
    <skipped/>
  </testcase> <!-- performKPI -->
</testsuite> <!-- FunctionalTestCase.KPITestCase -->
