<?xml version="1.0" encoding="UTF-8"?>
<!-- Generated by org.testng.reporters.JUnitReportReporter -->
<testsuite skipped="2" hostname="DESKTOP-CMBRRMI" name="FunctionalTestCase.LoginTestCase" tests="4" failures="0" timestamp="24 Feb 2019 09:03:42 GMT" time="45.332" errors="0">
  <testcase name="loginTest" time="22.937" classname="FunctionalTestCase.LoginTestCase"/>
  <testcase name="loginTest" time="0.000" classname="FunctionalTestCase.LoginTestCase">
    <skipped/>
  </testcase> <!-- loginTest -->
  <testcase name="loginTest" time="0.000" classname="FunctionalTestCase.LoginTestCase">
    <skipped/>
  </testcase> <!-- loginTest -->
  <testcase name="loginTest" time="22.395" classname="FunctionalTestCase.LoginTestCase"/>
</testsuite> <!-- FunctionalTestCase.LoginTestCase -->
